<?xml version="1.0" encoding="UTF-8"?>
<testng-results ignored="0" total="1" passed="1" failed="0" skipped="0">
  <reporter-output>
  </reporter-output>
  <suite started-at="2023-04-25T22:23:49 EDT" name="Default suite" finished-at="2023-04-25T22:23:55 EDT" duration-ms="6145">
    <groups>
      <group name="cucumber">
        <method signature="AbstractTestNGCucumberTests.feature(cucumber.api.testng.CucumberFeatureWrapper)[pri:0, instance:FinalProjectTestRunner.FinalProjectTestrunnerClass@5386659f]" name="feature" class="cucumber.api.testng.AbstractTestNGCucumberTests"/>
      </group> <!-- cucumber -->
    </groups>
    <test started-at="2023-04-25T22:23:49 EDT" name="Default test" finished-at="2023-04-25T22:23:55 EDT" duration-ms="6145">
      <class name="FinalProjectTestRunner.FinalProjectTestrunnerClass">
        <test-method is-config="true" signature="FinalProjectOpenURL()[pri:0, instance:FinalProjectTestRunner.FinalProjectTestrunnerClass@5386659f]" started-at="2023-04-25T22:23:49 EDT" name="FinalProjectOpenURL" finished-at="2023-04-25T22:23:53 EDT" duration-ms="4419" status="PASS">
          <reporter-output>
          </reporter-output>
        </test-method> <!-- FinalProjectOpenURL -->
        <test-method is-config="true" signature="setUpClass()[pri:0, instance:FinalProjectTestRunner.FinalProjectTestrunnerClass@5386659f]" started-at="2023-04-25T22:23:53 EDT" name="setUpClass" finished-at="2023-04-25T22:23:53 EDT" duration-ms="182" status="PASS">
          <reporter-output>
          </reporter-output>
        </test-method> <!-- setUpClass -->
        <test-method signature="feature(cucumber.api.testng.CucumberFeatureWrapper)[pri:0, instance:FinalProjectTestRunner.FinalProjectTestrunnerClass@5386659f]" started-at="2023-04-25T22:23:53 EDT" name="feature" description="Runs Cucumber Feature" data-provider="features" finished-at="2023-04-25T22:23:54 EDT" duration-ms="1117" status="PASS">
          <params>
            <param index="0">
              <value>
                <![CDATA[This is a Cart page Functionality]]>
              </value>
            </param>
          </params>
          <reporter-output>
          </reporter-output>
        </test-method> <!-- feature -->
        <test-method is-config="true" signature="tearDownClass()[pri:0, instance:FinalProjectTestRunner.FinalProjectTestrunnerClass@5386659f]" started-at="2023-04-25T22:23:54 EDT" name="tearDownClass" finished-at="2023-04-25T22:23:54 EDT" duration-ms="14" status="PASS">
          <reporter-output>
          </reporter-output>
        </test-method> <!-- tearDownClass -->
        <test-method is-config="true" signature="FinalProjectcloseURL()[pri:0, instance:FinalProjectTestRunner.FinalProjectTestrunnerClass@5386659f]" started-at="2023-04-25T22:23:54 EDT" name="FinalProjectcloseURL" finished-at="2023-04-25T22:23:55 EDT" duration-ms="267" status="PASS">
          <reporter-output>
          </reporter-output>
        </test-method> <!-- FinalProjectcloseURL -->
      </class> <!-- FinalProjectTestRunner.FinalProjectTestrunnerClass -->
    </test> <!-- Default test -->
  </suite> <!-- Default suite -->
</testng-results>
